# IPython log file

get_ipython().magic(u'pylab')
get_ipython().magic(u'logstart logs/noisebias_probsurface.log')
import inspectProfiles
import inspectProfiles
fig = inspectProfiles.plotLogProbSurface('mxxl_imperial/snap41/halo_cid2820', 'mxxl_imperial/snap41/c4-r5-n0_0')
fig = inspectProfiles.plotLogProbSurface('mxxl_imperial/snap41/halo_cid2820', 'mxxl_imperial/snap41/c4-r5-n0_0/config.sh')
reload(inspectProfiles)
fig = inspectProfiles.plotLogProbSurface('mxxl_imperial/snap41/halo_cid2820', 'mxxl_imperial/snap41/c4-r5-n0_0/config.sh')
reload(inspectProfiles)
fig = inspectProfiles.plotLogProbSurface('mxxl_imperial/snap41/halo_cid2820', 'mxxl_imperial/snap41/c4-r5-n0_0/config.sh')
reload(inspectProfiles)
fig = inspectProfiles.plotLogProbSurface('mxxl_imperial/snap41/halo_cid2820', 'mxxl_imperial/snap41/c4-r5-n0_0/config.sh')
fig = inspectProfiles.plotLogProbSurface('mxxl_imperial/snap41/halo_cid2820', 'mxxl_imperial/snap41/c4-r5-n0_1/config.sh', fig = fig)
fig = inspectProfiles.plotLogProbSurface('mxxl_imperial/snap41/halo_cid2820', 'mxxl_imperial/snap41/c4-r5-n0_2/config.sh', fig = fig)
fig = inspectProfiles.plotLogProbSurface('mxxl_imperial/snap41/halo_cid2820', 'mxxl_imperial/snap41/c4-r5-n0_3/config.sh', fig = fig)
fig.show()
fig = inspectProfiles.plotLogProbSurface('mxxl_imperial/snap41/halo_cid2820', 'mxxl_imperial/snap41/c4-r5-n0_3/config.sh', fig = fig)
fig = inspectProfiles.plotLogProbSurface('mxxl_imperial/snap41/halo_cid2820', 'mxxl_imperial/snap41/c4-r5-n0_2/config.sh', fig = fig)
fig = inspectProfiles.plotLogProbSurface('mxxl_imperial/snap41/halo_cid2820', 'mxxl_imperial/snap41/c4-r5-n0_1/config.sh', fig = fig)
fig = inspectProfiles.plotLogProbSurface('mxxl_imperial/snap41/halo_cid2820', 'mxxl_imperial/snap41/c4-r5-n0_0/config.sh', fig = fig)
reload(inspectProfiles)
clf()
fig = inspectProfiles.plotLogProbSurface('mxxl_imperial/snap41/halo_cid2820', 'mxxl_imperial/snap41/c4-r5-n2_3/config.sh', fig = fig)
reload(inspectProfiles)
fig = inspectProfiles.plotLogProbSurface('mxxl_imperial/snap41/halo_cid2820', 'mxxl_imperial/snap41/c4-r5-n2_3/config.sh', fig = fig)
fig = inspectProfiles.plotLogProbSurface('mxxl_imperial/snap41/halo_cid2820', 'mxxl_imperial/snap41/c4-r5-n2_2/config.sh', fig = fig)
fig = inspectProfiles.plotLogProbSurface('mxxl_imperial/snap41/halo_cid2820', 'mxxl_imperial/snap41/c4-r5-n2_1/config.sh', fig = fig)
fig = inspectProfiles.plotLogProbSurface('mxxl_imperial/snap41/halo_cid2820', 'mxxl_imperial/snap41/c4-r5-n2_0/config.sh', fig = fig)
fig = None
fig = inspectProfiles.plotLogProbSurface('mxxl_imperial/snap41/halo_cid2820', 'mxxl_imperial/snap41/c4-r5-n2_3/config.sh', fig = fig)
fig = inspectProfiles.plotLogProbSurface('mxxl_imperial/snap41/halo_cid2820', 'mxxl_imperial/snap41/c4-r5-n2_3/config.sh', fig = fig)
reload(inspectProfiles)
fig = inspectProfiles.plotLogProbSurface('mxxl_imperial/snap41/halo_cid2820', 'mxxl_imperial/snap41/c4-r5-n2_3/config.sh', fig = fig)
fig = None
fig = inspectProfiles.plotLogProbSurface('mxxl_imperial/snap41/halo_cid2820', 'mxxl_imperial/snap41/c4-r5-n2_3/config.sh', fig = fig)
reload(inspectProfiles)
fig = inspectProfiles.plotLogProbSurface('mxxl_imperial/snap41/halo_cid2820', 'mxxl_imperial/snap41/c4-r5-n2_3/config.sh', fig = fig)
reload(inspectProfiles)
fit  = None
fig = inspectProfiles.plotLogProbSurface('mxxl_imperial/snap41/halo_cid2820', 'mxxl_imperial/snap41/c4-r5-n2_3/config.sh', fig = fig)
reload(inspectProfiles)
fig = inspectProfiles.plotLogProbSurface('mxxl_imperial/snap41/halo_cid2820', 'mxxl_imperial/snap41/c4-r5-n2_3/config.sh', fig = fig)
reload(inspectProfiles)
fig = inspectProfiles.plotLogProbSurface('mxxl_imperial/snap41/halo_cid2820', 'mxxl_imperial/snap41/c4-r5-n2_3/config.sh', fig = fig)
fig = inspectProfiles.plotLogProbSurface('mxxl_imperial/snap41/halo_cid2820', 'mxxl_imperial/snap41/c4-r5-n2_3/config.sh', fig = fig)
fig = inspectProfiles.plotLogProbSurface('mxxl_imperial/snap41/halo_cid2821', 'mxxl_imperial/snap41/c4-r5-n2_3/config.sh', fig = fig)
fig = inspectProfiles.plotLogProbSurface('mxxl_imperial/snap41/halo_cid1', 'mxxl_imperial/snap41/c4-r5-n2_3/config.sh', fig = fig)
fig = inspectProfiles.plotLogProbSurface('mxxl_imperial/snap41/halo_cid1', 'mxxl_imperial/snap41/cfree-r5-n2_3/config.sh', fig = fig)
fig = inspectProfiles.plotLogProbSurface('mxxl_imperial/snap41/halo_cid2', 'mxxl_imperial/snap41/cfree-r5-n2_3/config.sh', fig = fig)
fig = inspectProfiles.plotLogProbSurface('mxxl_imperial/snap41/halo_cid2', 'mxxl_imperial/snap41/cfree-r5-n2_3/config.sh', fig = fig)
reload(inspectProfiles)
reload(inspectProfiles)
fig, mass, concen, chisq, logprob = inspectProfiles.plotLogProbSurface('mxxl_imperial/snap41/halo_cid2', 'mxxl_imperial/snap41/cfree-r5-n2_3/config.sh', fig = fig)
figure()
Y,X = np.meshgrid(concen, mass)
import confidenceregions
fig = confidenceregions.CreateSigmaSteps(chisq, mass, concen)
reload(confidenceregions)
fig = confidenceregions.CreateSigmaSteps(chisq, mass, concen)
reload(inspectProfiles)
fig, mass, concen, chisq, logprob = inspectProfiles.plotLogProbSurface('mxxl_imperial/snap41/halo_cid2', 'mxxl_imperial/snap41/cfree-r5-n2_3/config.sh', fig = fig)
reload(inspectProfiles)
fig, mass, concen, chisq, logprob = inspectProfiles.plotLogProbSurface('mxxl_imperial/snap41/halo_cid2', 'mxxl_imperial/snap41/cfree-r5-n2_3/config.sh', fig = fig)
fig = confidenceregions.CreateSigmaSteps(chisq, mass, concen)
fig, mass, concen, chisq, logprob = inspectProfiles.plotLogProbSurface('mxxl_imperial/snap41/halo_cid2820', 'mxxl_imperial/snap41/cfree-r5-n2_3/config.sh', fig = fig)
fig = confidenceregions.CreateSigmaSteps(chisq, mass, concen)
fig, mass, concen, chisq, logprob = inspectProfiles.plotLogProbSurface('mxxl_imperial/snap41/halo_cid500', 'mxxl_imperial/snap41/cfree-r5-n2_3/config.sh', fig = fig)
fig = confidenceregions.CreateSigmaSteps(chisq, mass, concen)
